<?xml version="1.0" encoding="UTF-8"?>
<!-- Generated by org.testng.reporters.JUnitXMLReporter -->
<testsuite ignored="2" hostname="LAPTOP-4JF1BIDK" failures="0" tests="6" name="TestRunner-Chrome" time="54.315" errors="0" timestamp="2024-10-09T13:39:33 IST">
  <testcase classname="testcasedeepak.TigerCRMContactCreatewithlastname" name="TigerCRMContactCreatewithlastnamedate" time="5.358"/>
  <testcase classname="testcasedeepak.TigerCRMContactCreatewithlastname" name="TigerCRMContactCreatewithphone" time="4.142"/>
  <testcase classname="testcasedeepak.TigerCRMContactCreatewithlastname" name="contactcreate" time="3.161"/>
  <testcase classname="testcasedeepak2.TigerCRMOrgCreate" name="TigerCRMOrgCreatewithindustrytype" time="5.827"/>
  <testcase classname="testcasedeepak2.TigerCRMOrgCreate" name="TigerCRMOrgCreatewithph" time="5.716"/>
  <testcase classname="testcasedeepak2.TigerCRMOrgCreate" name="orgcreate" time="5.189"/>
  <testcase classname="com.comcast.crm.basetest.BaseClass" name="@AfterSuite configAS" time="0.0">
    <ignored/>
  </testcase> <!-- @AfterSuite configAS -->
  <testcase classname="com.comcast.crm.basetest.BaseClass" name="@BeforeSuite configBS" time="0.0">
    <ignored/>
  </testcase> <!-- @BeforeSuite configBS -->
</testsuite> <!-- TestRunner-Chrome -->
