<?xml version="1.0" encoding="UTF-8"?>
<!-- Generated by org.testng.reporters.JUnitXMLReporter -->
<testsuite ignored="2" hostname="LAPTOP-4JF1BIDK" failures="0" tests="6" name="TestRunner-Firefox" time="54.207" errors="0" timestamp="2024-10-09T13:39:33 IST">
  <testcase classname="testcasedeepak.TigerCRMContactCreatewithlastname" name="TigerCRMContactCreatewithlastnamedate" time="5.079"/>
  <testcase classname="testcasedeepak.TigerCRMContactCreatewithlastname" name="TigerCRMContactCreatewithphone" time="4.049"/>
  <testcase classname="testcasedeepak.TigerCRMContactCreatewithlastname" name="contactcreate" time="3.0"/>
  <testcase classname="testcasedeepak2.TigerCRMOrgCreate" name="TigerCRMOrgCreatewithindustrytype" time="5.84"/>
  <testcase classname="testcasedeepak2.TigerCRMOrgCreate" name="TigerCRMOrgCreatewithph" time="5.67"/>
  <testcase classname="testcasedeepak2.TigerCRMOrgCreate" name="orgcreate" time="5.136"/>
  <testcase classname="com.comcast.crm.basetest.BaseClass" name="@AfterSuite configAS" time="0.0">
    <ignored/>
  </testcase> <!-- @AfterSuite configAS -->
  <testcase classname="com.comcast.crm.basetest.BaseClass" name="@BeforeSuite configBS" time="0.0">
    <ignored/>
  </testcase> <!-- @BeforeSuite configBS -->
</testsuite> <!-- TestRunner-Firefox -->
