<?xml version="1.0" encoding="UTF-8"?>
<!-- Generated by org.testng.reporters.JUnitXMLReporter -->
<testsuite ignored="4" hostname="LAPTOP-4JF1BIDK" failures="0" tests="4" name="Test" time="41.728" errors="0" timestamp="2024-10-09T13:37:59 IST">
  <testcase classname="testcasedeepak.TigerCRMContactCreatewithlastname" name="TigerCRMContactCreatewithlastnamedate" time="5.33"/>
  <testcase classname="testcasedeepak.TigerCRMContactCreatewithlastname" name="TigerCRMContactCreatewithphone" time="4.057"/>
  <testcase classname="testcasedeepak2.TigerCRMOrgCreate" name="TigerCRMOrgCreatewithindustrytype" time="6.941"/>
  <testcase classname="testcasedeepak2.TigerCRMOrgCreate" name="TigerCRMOrgCreatewithph" time="5.236"/>
  <testcase classname="com.comcast.crm.basetest.BaseClass" name="@BeforeSuite configBS" time="0.0">
    <ignored/>
  </testcase> <!-- @BeforeSuite configBS -->
  <testcase classname="testcasedeepak.TigerCRMContactCreatewithlastname" name="contactcreate" time="0.0">
    <ignored/>
  </testcase> <!-- contactcreate -->
  <testcase classname="com.comcast.crm.basetest.BaseClass" name="@AfterSuite configAS" time="0.0">
    <ignored/>
  </testcase> <!-- @AfterSuite configAS -->
  <testcase classname="testcasedeepak2.TigerCRMOrgCreate" name="orgcreate" time="0.0">
    <ignored/>
  </testcase> <!-- orgcreate -->
</testsuite> <!-- Test -->
