<?xml version="1.0" encoding="UTF-8"?>
<!-- Generated by org.testng.reporters.JUnitXMLReporter -->
<testsuite ignored="2" hostname="LAPTOP-4JF1BIDK" failures="0" tests="1" name="Default test" time="13.141" errors="0" timestamp="2024-10-21T13:14:08 IST">
  <testcase classname="testcasedeepak2.TigerCRMOrgCreate" name="orgcreate" time="5.907"/>
  <testcase classname="testcasedeepak2.TigerCRMOrgCreate" name="TigerCRMOrgCreatewithph" time="0.0">
    <ignored/>
  </testcase> <!-- TigerCRMOrgCreatewithph -->
  <testcase classname="testcasedeepak2.TigerCRMOrgCreate" name="TigerCRMOrgCreatewithindustrytype" time="0.0">
    <ignored/>
  </testcase> <!-- TigerCRMOrgCreatewithindustrytype -->
</testsuite> <!-- Default test -->
